<?xml version="1.0" encoding="UTF-8"?>
<!-- Generated by org.testng.reporters.JUnitXMLReporter -->
<testsuite ignored="0" hostname="Urvashis-MacBook-Air-2.local" failures="0" tests="5" name="Default test" time="0.767" errors="0" timestamp="2022-05-10T21:31:08 PDT">
  <testcase classname="testcases.TestNGDataprovider" name="printTable" time="0.011"/>
  <testcase classname="testcases.TestNGDataprovider" name="printTable" time="0.002"/>
  <testcase classname="testcases.TestNGDataprovider" name="printTable" time="0.002"/>
  <testcase classname="testcases.TestNGDataprovider" name="printTable" time="0.003"/>
  <testcase classname="testcases.TestNGDataprovider" name="printTable" time="0.002"/>
</testsuite> <!-- Default test -->
