<?xml version="1.0" encoding="UTF-8"?>
<testng-results ignored="0" total="2" passed="2" failed="0" skipped="0">
  <reporter-output>
  </reporter-output>
  <suite started-at="2022-05-04T12:40:45 PDT" name="Command line suite" finished-at="2022-05-04T12:40:52 PDT" duration-ms="6058">
    <groups>
    </groups>
    <test started-at="2022-05-04T12:40:45 PDT" name="Command line test" finished-at="2022-05-04T12:40:52 PDT" duration-ms="6058">
      <class name="testcases.TestAA">
        <test-method signature="testAA()[pri:0, instance:testcases.TestAA@79efed2d]" started-at="2022-05-04T12:40:49 PDT" name="testAA" finished-at="2022-05-04T12:40:52 PDT" duration-ms="3001" status="PASS">
          <reporter-output>
          </reporter-output>
        </test-method> <!-- testAA -->
      </class> <!-- testcases.TestAA -->
      <class name="testcases.TestA">
        <test-method signature="testA()[pri:0, instance:testcases.TestA@30b7c004]" started-at="2022-05-04T12:40:46 PDT" name="testA" finished-at="2022-05-04T12:40:49 PDT" duration-ms="3012" status="PASS">
          <reporter-output>
          </reporter-output>
        </test-method> <!-- testA -->
      </class> <!-- testcases.TestA -->
    </test> <!-- Command line test -->
  </suite> <!-- Command line suite -->
</testng-results>
