<?xml version="1.0" encoding="UTF-8"?>
<testng-results ignored="0" total="8" passed="8" failed="0" skipped="0">
  <reporter-output>
  </reporter-output>
  <suite started-at="2022-05-10T21:35:12 PDT" name="Suite" finished-at="2022-05-10T21:35:12 PDT" duration-ms="678">
    <groups>
    </groups>
    <test started-at="2022-05-10T21:35:12 PDT" name="Test" finished-at="2022-05-10T21:35:12 PDT" duration-ms="678">
      <class name="testcases.TestNGDataprovider">
        <test-method signature="printTable(java.lang.String, java.lang.String, java.lang.String, java.lang.String, java.lang.String, java.lang.String)[pri:0, instance:testcases.TestNGDataprovider@3af9c5b7]" started-at="2022-05-10T21:35:12 PDT" name="printTable" data-provider="getData" finished-at="2022-05-10T21:35:12 PDT" duration-ms="5" status="PASS">
          <params>
            <param index="0">
              <value>
                <![CDATA[]]>
              </value>
            </param>
            <param index="1">
              <value>
                <![CDATA[]]>
              </value>
            </param>
            <param index="2">
              <value>
                <![CDATA[]]>
              </value>
            </param>
            <param index="3">
              <value>
                <![CDATA[]]>
              </value>
            </param>
            <param index="4">
              <value>
                <![CDATA[]]>
              </value>
            </param>
            <param index="5">
              <value>
                <![CDATA[]]>
              </value>
            </param>
          </params>
          <reporter-output>
          </reporter-output>
        </test-method> <!-- printTable -->
        <test-method signature="printTable(java.lang.String, java.lang.String, java.lang.String, java.lang.String, java.lang.String, java.lang.String)[pri:0, instance:testcases.TestNGDataprovider@3af9c5b7]" started-at="2022-05-10T21:35:12 PDT" name="printTable" data-provider="getData" finished-at="2022-05-10T21:35:12 PDT" duration-ms="8" status="PASS">
          <params>
            <param index="0">
              <value>
                <![CDATA[FirstName]]>
              </value>
            </param>
            <param index="1">
              <value>
                <![CDATA[LastName]]>
              </value>
            </param>
            <param index="2">
              <value>
                <![CDATA[Address]]>
              </value>
            </param>
            <param index="3">
              <value>
                <![CDATA[State ]]>
              </value>
            </param>
            <param index="4">
              <value>
                <![CDATA[Zipcode ]]>
              </value>
            </param>
            <param index="5">
              <value>
                <![CDATA[Date]]>
              </value>
            </param>
          </params>
          <reporter-output>
          </reporter-output>
        </test-method> <!-- printTable -->
        <test-method signature="printTable(java.lang.String, java.lang.String, java.lang.String, java.lang.String, java.lang.String, java.lang.String)[pri:0, instance:testcases.TestNGDataprovider@3af9c5b7]" started-at="2022-05-10T21:35:12 PDT" name="printTable" data-provider="getData" finished-at="2022-05-10T21:35:12 PDT" duration-ms="3" status="PASS">
          <params>
            <param index="0">
              <value>
                <![CDATA[Emma]]>
              </value>
            </param>
            <param index="1">
              <value>
                <![CDATA[Hilton]]>
              </value>
            </param>
            <param index="2">
              <value>
                <![CDATA[12,mono street, Cupertino]]>
              </value>
            </param>
            <param index="3">
              <value>
                <![CDATA[CA]]>
              </value>
            </param>
            <param index="4">
              <value>
                <![CDATA[95014]]>
              </value>
            </param>
            <param index="5">
              <value>
                <![CDATA[04/12/22]]>
              </value>
            </param>
          </params>
          <reporter-output>
          </reporter-output>
        </test-method> <!-- printTable -->
        <test-method signature="printTable(java.lang.String, java.lang.String, java.lang.String, java.lang.String, java.lang.String, java.lang.String)[pri:0, instance:testcases.TestNGDataprovider@3af9c5b7]" started-at="2022-05-10T21:35:12 PDT" name="printTable" data-provider="getData" finished-at="2022-05-10T21:35:12 PDT" duration-ms="5" status="PASS">
          <params>
            <param index="0">
              <value>
                <![CDATA[Nimbi]]>
              </value>
            </param>
            <param index="1">
              <value>
                <![CDATA[Turer]]>
              </value>
            </param>
            <param index="2">
              <value>
                <![CDATA[1786,Crompton Dr, Saratoga]]>
              </value>
            </param>
            <param index="3">
              <value>
                <![CDATA[CA]]>
              </value>
            </param>
            <param index="4">
              <value>
                <![CDATA[96013]]>
              </value>
            </param>
            <param index="5">
              <value>
                <![CDATA[3/1/2021]]>
              </value>
            </param>
          </params>
          <reporter-output>
          </reporter-output>
        </test-method> <!-- printTable -->
        <test-method signature="printTable(java.lang.String, java.lang.String, java.lang.String, java.lang.String, java.lang.String, java.lang.String)[pri:0, instance:testcases.TestNGDataprovider@3af9c5b7]" started-at="2022-05-10T21:35:12 PDT" name="printTable" data-provider="getData" finished-at="2022-05-10T21:35:12 PDT" duration-ms="2" status="PASS">
          <params>
            <param index="0">
              <value>
                <![CDATA[Mona]]>
              </value>
            </param>
            <param index="1">
              <value>
                <![CDATA[Singh]]>
              </value>
            </param>
            <param index="2">
              <value>
                <![CDATA[32,East Dunne Av, Tasman]]>
              </value>
            </param>
            <param index="3">
              <value>
                <![CDATA[CA]]>
              </value>
            </param>
            <param index="4">
              <value>
                <![CDATA[98210]]>
              </value>
            </param>
            <param index="5">
              <value>
                <![CDATA[09/09/21]]>
              </value>
            </param>
          </params>
          <reporter-output>
          </reporter-output>
        </test-method> <!-- printTable -->
      </class> <!-- testcases.TestNGDataprovider -->
      <class name="testcases.TestngAnnotations">
        <test-method is-config="true" signature="login()[pri:0, instance:testcases.TestngAnnotations@10aa41f2]" started-at="2022-05-10T21:35:12 PDT" name="login" finished-at="2022-05-10T21:35:12 PDT" duration-ms="13" status="PASS">
          <reporter-output>
          </reporter-output>
        </test-method> <!-- login -->
        <test-method is-config="true" signature="initTest()[pri:0, instance:testcases.TestngAnnotations@10aa41f2]" started-at="2022-05-10T21:35:12 PDT" name="initTest" finished-at="2022-05-10T21:35:12 PDT" duration-ms="0" status="PASS">
          <reporter-output>
          </reporter-output>
        </test-method> <!-- initTest -->
        <test-method is-config="true" signature="loginTest()[pri:0, instance:testcases.TestngAnnotations@10aa41f2]" started-at="2022-05-10T21:35:12 PDT" name="loginTest" finished-at="2022-05-10T21:35:12 PDT" duration-ms="0" status="PASS">
          <reporter-output>
          </reporter-output>
        </test-method> <!-- loginTest -->
        <test-method signature="IsTitleVisibleTest()[pri:0, instance:testcases.TestngAnnotations@10aa41f2]" started-at="2022-05-10T21:35:12 PDT" name="IsTitleVisibleTest" finished-at="2022-05-10T21:35:12 PDT" duration-ms="1" status="PASS">
          <reporter-output>
          </reporter-output>
        </test-method> <!-- IsTitleVisibleTest -->
        <test-method is-config="true" signature="logOut()[pri:0, instance:testcases.TestngAnnotations@10aa41f2]" started-at="2022-05-10T21:35:12 PDT" name="logOut" finished-at="2022-05-10T21:35:12 PDT" duration-ms="5" status="PASS">
          <reporter-output>
          </reporter-output>
        </test-method> <!-- logOut -->
        <test-method is-config="true" signature="loginTest()[pri:0, instance:testcases.TestngAnnotations@10aa41f2]" started-at="2022-05-10T21:35:12 PDT" name="loginTest" finished-at="2022-05-10T21:35:12 PDT" duration-ms="1" status="PASS">
          <reporter-output>
          </reporter-output>
        </test-method> <!-- loginTest -->
        <test-method signature="isValidTest()[pri:0, instance:testcases.TestngAnnotations@10aa41f2]" started-at="2022-05-10T21:35:12 PDT" name="isValidTest" finished-at="2022-05-10T21:35:12 PDT" duration-ms="2" status="PASS">
          <reporter-output>
          </reporter-output>
        </test-method> <!-- isValidTest -->
        <test-method is-config="true" signature="logOut()[pri:0, instance:testcases.TestngAnnotations@10aa41f2]" started-at="2022-05-10T21:35:12 PDT" name="logOut" finished-at="2022-05-10T21:35:12 PDT" duration-ms="0" status="PASS">
          <reporter-output>
          </reporter-output>
        </test-method> <!-- logOut -->
        <test-method is-config="true" signature="loginTest()[pri:0, instance:testcases.TestngAnnotations@10aa41f2]" started-at="2022-05-10T21:35:12 PDT" name="loginTest" finished-at="2022-05-10T21:35:12 PDT" duration-ms="0" status="PASS">
          <reporter-output>
          </reporter-output>
        </test-method> <!-- loginTest -->
        <test-method signature="loggedInCheck()[pri:0, instance:testcases.TestngAnnotations@10aa41f2]" started-at="2022-05-10T21:35:12 PDT" name="loggedInCheck" finished-at="2022-05-10T21:35:12 PDT" duration-ms="2" status="PASS">
          <reporter-output>
          </reporter-output>
        </test-method> <!-- loggedInCheck -->
        <test-method is-config="true" signature="logOut()[pri:0, instance:testcases.TestngAnnotations@10aa41f2]" started-at="2022-05-10T21:35:12 PDT" name="logOut" finished-at="2022-05-10T21:35:12 PDT" duration-ms="4" status="PASS">
          <reporter-output>
          </reporter-output>
        </test-method> <!-- logOut -->
        <test-method is-config="true" signature="quit()[pri:0, instance:testcases.TestngAnnotations@10aa41f2]" started-at="2022-05-10T21:35:12 PDT" name="quit" finished-at="2022-05-10T21:35:12 PDT" duration-ms="0" status="PASS">
          <reporter-output>
          </reporter-output>
        </test-method> <!-- quit -->
      </class> <!-- testcases.TestngAnnotations -->
    </test> <!-- Test -->
  </suite> <!-- Suite -->
</testng-results>
