<?xml version="1.0" encoding="UTF-8"?>
<!-- Generated by org.testng.reporters.JUnitXMLReporter -->
<testsuite ignored="0" hostname="Urvashis-MacBook-Air-2.local" failures="0" tests="8" name="Test" time="0.678" errors="0" timestamp="2022-05-10T21:35:12 PDT">
  <testcase classname="testcases.TestNGDataprovider" name="printTable" time="0.005"/>
  <testcase classname="testcases.TestNGDataprovider" name="printTable" time="0.008"/>
  <testcase classname="testcases.TestNGDataprovider" name="printTable" time="0.003"/>
  <testcase classname="testcases.TestNGDataprovider" name="printTable" time="0.005"/>
  <testcase classname="testcases.TestNGDataprovider" name="printTable" time="0.002"/>
  <testcase classname="testcases.TestngAnnotations" name="IsTitleVisibleTest" time="0.001"/>
  <testcase classname="testcases.TestngAnnotations" name="isValidTest" time="0.002"/>
  <testcase classname="testcases.TestngAnnotations" name="loggedInCheck" time="0.002"/>
</testsuite> <!-- Test -->
