<?xml version="1.0" encoding="UTF-8"?>
<!-- Generated by org.testng.reporters.JUnitXMLReporter -->
<testsuite hostname="Urvashis-MacBook-Air-2.local" ignored="0" name="Testbb" tests="1" failures="0" timestamp="2022-06-06T11:05:38 PDT" time="0.012" errors="0">
  <testcase name="@BeforeTest init" time="-1.654538738429E9" classname="testbase.TestBase">
    <failure type="org.testng.TestNGException" message="
Can inject only one of &amp;lt;ITestContext, XmlTest&amp;gt; into a @BeforeTest annotated init.
For more information on native dependency injection please refer to http://testng.org/doc/documentation-main.html#native-dependency-injection">
      <![CDATA[org.testng.TestNGException: 
Can inject only one of <ITestContext, XmlTest> into a @BeforeTest annotated init.
For more information on native dependency injection please refer to http://testng.org/doc/documentation-main.html#native-dependency-injection
... Removed 22 stack frames]]>
    </failure>
  </testcase> <!-- @BeforeTest init -->
  <testcase name="@AfterMethod quit" time="-1.654538738435E9" classname="testbase.TestBase">
    <skipped/>
  </testcase> <!-- @AfterMethod quit -->
  <testcase name="testBB" time="0.0" classname="suiteb.TestBB">
    <skipped/>
  </testcase> <!-- testBB -->
</testsuite> <!-- Testbb -->
