<?xml version="1.0" encoding="UTF-8"?>
<!-- Generated by org.testng.reporters.JUnitXMLReporter -->
<testsuite ignored="0" hostname="Urvashis-MacBook-Air-2.local" failures="0" tests="4" name="Test" time="0.136" errors="0" timestamp="2022-05-11T00:00:54 PDT">
  <testcase classname="suitea.LoginTest" name="greaterTest" time="0.027"/>
  <testcase classname="suitea.LoginTest" name="smallerTest" time="0.004"/>
  <testcase classname="suitea.RegisterTest" name="chkUsername" time="0.004"/>
  <testcase classname="suitea.RegisterTest" name="chkpwdlength" time="0.003"/>
</testsuite> <!-- Test -->
