<?xml version="1.0" encoding="UTF-8"?>
<!-- Generated by org.testng.reporters.JUnitXMLReporter -->
<testsuite hostname="Urvashis-MacBook-Air-2.local" ignored="0" name="Test" tests="3" failures="0" timestamp="2022-05-11T18:10:43 PDT" time="1.204" errors="0">
  <testcase name="logIntoReport" time="0.017" classname="testcases.LoginTest"/>
  <testcase name="login" time="0.002" classname="testcases.LoginTest"/>
  <testcase name="checkTitle" time="0.006" classname="testcases.LoginTest"/>
</testsuite> <!-- Test -->
