<?xml version="1.0" encoding="UTF-8"?>
<!-- Generated by org.testng.reporters.JUnitXMLReporter -->
<testsuite hostname="Urvashis-Air-2.askey.com" ignored="1" name="Default test" tests="3" failures="0" timestamp="2022-12-08T12:40:14 PST" time="0.077" errors="0">
  <testcase name="selectRecipe" time="0.01" classname="testcases.MakeDish"/>
  <testcase name="prepIngredients" time="0.002" classname="testcases.MakeDish"/>
  <testcase name="setTemp" time="0.004" classname="testcases.MakeDish"/>
  <testcase name="setTime" time="0.0" classname="testcases.MakeDish">
    <ignored/>
  </testcase> <!-- setTime -->
</testsuite> <!-- Default test -->
