<?xml version="1.0" encoding="UTF-8"?>
<testng-results skipped="0" failed="0" ignored="1" total="4" passed="3">
  <reporter-output>
  </reporter-output>
  <suite name="Default suite" duration-ms="77" started-at="2022-12-08T12:40:14 PST" finished-at="2022-12-08T12:40:14 PST">
    <groups>
    </groups>
    <test name="Default test" duration-ms="77" started-at="2022-12-08T12:40:14 PST" finished-at="2022-12-08T12:40:14 PST">
      <class name="testcases.MakeDish">
        <test-method status="PASS" signature="selectRecipe()[pri:1, instance:testcases.MakeDish@30b8a058]" name="selectRecipe" duration-ms="10" started-at="2022-12-08T12:40:14 PST" finished-at="2022-12-08T12:40:14 PST">
          <reporter-output>
          </reporter-output>
        </test-method> <!-- selectRecipe -->
        <test-method status="PASS" signature="prepIngredients()[pri:2, instance:testcases.MakeDish@30b8a058]" name="prepIngredients" duration-ms="2" started-at="2022-12-08T12:40:14 PST" depends-on-methods="testcases.MakeDish.selectRecipe" finished-at="2022-12-08T12:40:14 PST">
          <reporter-output>
          </reporter-output>
        </test-method> <!-- prepIngredients -->
        <test-method status="PASS" signature="setTemp()[pri:4, instance:testcases.MakeDish@30b8a058]" name="setTemp" duration-ms="4" started-at="2022-12-08T12:40:14 PST" finished-at="2022-12-08T12:40:14 PST">
          <reporter-output>
          </reporter-output>
        </test-method> <!-- setTemp -->
      </class> <!-- testcases.MakeDish -->
    </test> <!-- Default test -->
  </suite> <!-- Default suite -->
</testng-results>
