<?xml version="1.0" encoding="UTF-8"?>
<testng-results ignored="0" total="2" passed="2" failed="0" skipped="0">
  <reporter-output>
  </reporter-output>
  <suite started-at="2022-12-11T14:48:27 PST" name="Default suite" finished-at="2022-12-11T14:48:27 PST" duration-ms="67">
    <groups>
    </groups>
    <test started-at="2022-12-11T14:48:27 PST" name="Default test" finished-at="2022-12-11T14:48:27 PST" duration-ms="67">
      <class name="testclass.VerifyMessage">
        <test-method signature="printt()[pri:0, instance:testclass.VerifyMessage@3c947bc5]" started-at="2022-12-11T14:48:27 PST" name="printt" finished-at="2022-12-11T14:48:27 PST" duration-ms="11" status="PASS">
          <reporter-output>
          </reporter-output>
        </test-method> <!-- printt -->
        <test-method signature="validate()[pri:0, instance:testclass.VerifyMessage@3c947bc5]" started-at="2022-12-11T14:48:27 PST" name="validate" finished-at="2022-12-11T14:48:27 PST" duration-ms="6" status="PASS">
          <reporter-output>
          </reporter-output>
        </test-method> <!-- validate -->
      </class> <!-- testclass.VerifyMessage -->
    </test> <!-- Default test -->
  </suite> <!-- Default suite -->
</testng-results>
